<?xml version="1.0" encoding="UTF-8"?>
<!-- Generated by org.testng.reporters.JUnitReportReporter -->
<testsuite skipped="0" hostname="leeqian" name="cn.testfan.testlee.NewTest2" tests="1" failures="0" timestamp="12 Feb 2017 09:11:46 GMT" time="0.010" errors="0">
  <testcase name="f" time="0.010" classname="cn.testfan.testlee.NewTest2"/>
</testsuite> <!-- cn.testfan.testlee.NewTest2 -->
