<?xml version="1.0" encoding="UTF-8"?>
<!-- Generated by org.testng.reporters.JUnitReportReporter -->
<testsuite hostname="renqin-31da6b5549" name="com.cases.KfglTest_New" tests="1" failures="0" timestamp="24 Nov 2013 15:34:08 GMT" time="12.513" errors="0">
  <testcase name="kfgl_0001_LoginSucc" time="12.513" classname="com.cases.KfglTest_New"/>
</testsuite> <!-- com.cases.KfglTest_New -->
