<?xml version="1.0" encoding="UTF-8"?>
<!-- Generated by org.testng.reporters.JUnitReportReporter -->
<testsuite hostname="renqin-31da6b5549" name="com.cases.NewTest" tests="1" failures="0" timestamp="24 Nov 2013 14:36:01 GMT" time="0.020" errors="0">
  <testcase name="f" time="0.020" classname="com.cases.NewTest"/>
</testsuite> <!-- com.cases.NewTest -->
