<?xml version="1.0" encoding="UTF-8"?>
<!-- Generated by org.testng.reporters.JUnitReportReporter -->
<testsuite hostname="renqin-31da6b5549" name="com.cases.Kfgl_Testserach" tests="1" failures="0" timestamp="25 Nov 2013 14:22:26 GMT" time="67.793" errors="0">
  <testcase name="testserch" time="67.793" classname="com.cases.Kfgl_Testserach"/>
</testsuite> <!-- com.cases.Kfgl_Testserach -->
